<?xml version="1.0" encoding="UTF-8"?>
<!-- Generated by org.testng.reporters.JUnitReportReporter -->
<testsuite hostname="impetus-bl0541" failures="0" tests="1" name="com.qa.TestScripts.Extend_Misc" time="6.647" errors="0" timestamp="2023-07-17T11:44:56 IST" skipped="0">
  <testcase classname="com.qa.TestScripts.Extend_Misc" name="testRun" time="6.647"/>
</testsuite> <!-- com.qa.TestScripts.Extend_Misc -->
