<?xml version="1.0" encoding="UTF-8"?>
<!-- Generated by org.testng.reporters.JUnitReportReporter -->
<testsuite hostname="impetus-bl0541" failures="0" tests="1" name="com.qa.TestScripts.JDBC_Connection" time="0.486" errors="0" timestamp="2023-07-25T22:17:33 IST" skipped="0">
  <testcase classname="com.qa.TestScripts.JDBC_Connection" name="jdbc" time="0.486"/>
</testsuite> <!-- com.qa.TestScripts.JDBC_Connection -->
