<?xml version="1.0" encoding="UTF-8"?>
<!-- Generated by org.testng.reporters.JUnitReportReporter -->
<testsuite hostname="impetus-bl0541" failures="0" tests="1" name="com.qa.TestScripts.FirstPageTest" time="7.093" errors="0" timestamp="2023-07-22T22:55:16 IST" skipped="0">
  <testcase classname="com.qa.TestScripts.FirstPageTest" name="testCheckbox" time="7.093"/>
</testsuite> <!-- com.qa.TestScripts.FirstPageTest -->
