<?xml version="1.0" encoding="UTF-8"?>
<!-- Generated by org.testng.reporters.JUnitReportReporter -->
<testsuite hostname="impetus-bl0541" failures="0" tests="1" name="com.qa.TestScripts.HomePageTest" time="23.092" errors="0" timestamp="2023-07-20T11:26:55 IST" skipped="0">
  <testcase classname="com.qa.TestScripts.HomePageTest" name="clickonBankmgrLoginbutton" time="23.092"/>
</testsuite> <!-- com.qa.TestScripts.HomePageTest -->
