<?xml version="1.0" encoding="UTF-8"?>
<!-- Generated by org.testng.reporters.JUnitReportReporter -->
<testsuite hostname="impetus-bl0541" failures="0" tests="1" name="com.qa.TestScripts.CheckboxTest" time="7.116" errors="0" timestamp="2023-07-24T11:39:37 IST" skipped="0">
  <testcase classname="com.qa.TestScripts.CheckboxTest" name="HandleDynamicCheckboxesTest" time="7.116"/>
</testsuite> <!-- com.qa.TestScripts.CheckboxTest -->
